2015-08-14 17:17:47.350 [main] INFO  org.eclipse.jetty.util.log [POWA_REQUEST_ID:] - Logging initialized @8949ms
2015-08-14 17:18:11.493 [main] INFO  c.p.a.workflow.WorkflowApplication [POWA_REQUEST_ID:] - run completed
2015-08-14 17:18:11.811 [main] INFO  io.dropwizard.server.ServerFactory [POWA_REQUEST_ID:] - Starting Workflow
2015-08-14 17:18:13.294 [main] INFO  o.e.jetty.setuid.SetUIDListener [POWA_REQUEST_ID:] - Opened application@b848ca0c{HTTP/1.1}{0.0.0.0:20251}
2015-08-14 17:18:13.352 [main] INFO  o.e.jetty.setuid.SetUIDListener [POWA_REQUEST_ID:] - Opened admin@d18af508{HTTP/1.1}{0.0.0.0:20250}
2015-08-14 17:18:13.404 [main] INFO  org.eclipse.jetty.server.Server [POWA_REQUEST_ID:] - jetty-9.2.z-SNAPSHOT
2015-08-14 17:18:22.056 [main] INFO  c.p.a.w.q.i.RunnableQueueController [POWA_REQUEST_ID:] - QueueController for [QUEUE_KEY:PAYMENT_QUEUE] is starting.
2015-08-14 17:18:22.057 [main] INFO  c.p.a.w.q.i.RunnableQueueController [POWA_REQUEST_ID:] - QueueController for [QUEUE_KEY:POST_PAYMENT_QUEUE] is starting.
2015-08-14 17:18:22.057 [PaymentTask] INFO  c.p.a.w.q.i.RunnableQueueController [POWA_REQUEST_ID:] - QueueController for [QUEUE_KEY:PAYMENT_QUEUE] has been started. Polling every 5000 milliseconds
2015-08-14 17:18:22.057 [PaymentTask] DEBUG c.p.a.w.q.i.LinkedBlockingQueueService [POWA_REQUEST_ID:] - creating queue [QUEUE_KEY:PAYMENT_QUEUE]
2015-08-14 17:18:22.058 [PostPaymentTask] INFO  c.p.a.w.q.i.RunnableQueueController [POWA_REQUEST_ID:] - QueueController for [QUEUE_KEY:POST_PAYMENT_QUEUE] has been started. Polling every 5000 milliseconds
2015-08-14 17:18:22.058 [PostPaymentTask] DEBUG c.p.a.w.q.i.LinkedBlockingQueueService [POWA_REQUEST_ID:] - creating queue [QUEUE_KEY:POST_PAYMENT_QUEUE]
2015-08-14 17:18:23.427 [main] INFO  o.h.annotations.common.Version [POWA_REQUEST_ID:] - HCANN000001: Hibernate Commons Annotations {4.0.2.Final}
2015-08-14 17:18:23.525 [main] INFO  org.hibernate.Version [POWA_REQUEST_ID:] - HHH000412: Hibernate Core {4.2.6.Final}
2015-08-14 17:18:23.614 [main] INFO  org.hibernate.cfg.Environment [POWA_REQUEST_ID:] - HHH000206: hibernate.properties not found
2015-08-14 17:18:23.632 [main] INFO  org.hibernate.cfg.Environment [POWA_REQUEST_ID:] - HHH000021: Bytecode provider name : javassist
2015-08-14 17:18:48.709 [main] INFO  o.h.s.j.c.i.ConnectionProviderInitiator [POWA_REQUEST_ID:] - HHH000130: Instantiating explicit connection provider: org.hibernate.service.jdbc.connections.internal.C3P0ConnectionProvider
2015-08-14 17:18:48.710 [main] INFO  o.h.s.j.c.i.C3P0ConnectionProvider [POWA_REQUEST_ID:] - HHH010002: C3P0 using driver: oracle.jdbc.driver.OracleDriver at URL: jdbc:oracle:thin:@localhost:1521:xe
2015-08-14 17:18:48.710 [main] INFO  o.h.s.j.c.i.C3P0ConnectionProvider [POWA_REQUEST_ID:] - HHH000046: Connection properties: {autoReconnect=true, user=payme, password=****, autocommit=true, autoReconnectForPools=true, release_mode=auto}
2015-08-14 17:18:48.710 [main] INFO  o.h.s.j.c.i.C3P0ConnectionProvider [POWA_REQUEST_ID:] - HHH000006: Autocommit mode: true
2015-08-14 17:18:48.718 [main] INFO  com.mchange.v2.log.MLog [POWA_REQUEST_ID:] - MLog clients using log4j logging.
2015-08-14 17:18:48.755 [main] INFO  com.mchange.v2.c3p0.C3P0Registry [POWA_REQUEST_ID:] - Initializing c3p0-0.9.2.1 [built 20-March-2013 10:47:27 +0000; debug? true; trace: 10]
2015-08-14 17:18:48.813 [main] INFO  c.m.v.c.i.AbstractPoolBackedDataSource [POWA_REQUEST_ID:] - Initializing c3p0 pool... com.mchange.v2.c3p0.PoolBackedDataSource@8ef536bd [ connectionPoolDataSource -> com.mchange.v2.c3p0.WrapperConnectionPoolDataSource@3cdac2a1 [ acquireIncrement -> 3, acquireRetryAttempts -> 30, acquireRetryDelay -> 1000, autoCommitOnClose -> false, automaticTestTable -> null, breakAfterAcquireFailure -> false, checkoutTimeout -> 0, connectionCustomizerClassName -> null, connectionTesterClassName -> com.mchange.v2.c3p0.impl.DefaultConnectionTester, debugUnreturnedConnectionStackTraces -> false, factoryClassLocation -> null, forceIgnoreUnresolvedTransactions -> false, identityToken -> 1hge2x49bc2jyje12emt1a|-253b3b6b, idleConnectionTestPeriod -> 100, initialPoolSize -> 5, maxAdministrativeTaskTime -> 0, maxConnectionAge -> 0, maxIdleTime -> 300, maxIdleTimeExcessConnections -> 0, maxPoolSize -> 30, maxStatements -> 50, maxStatementsPerConnection -> 0, minPoolSize -> 5, nestedDataSource -> com.mchange.v2.c3p0.DriverManagerDataSource@1edf0efe [ description -> null, driverClass -> null, factoryClassLocation -> null, identityToken -> 1hge2x49bc2jyje12emt1a|-71a4a86, jdbcUrl -> jdbc:oracle:thin:@localhost:1521:xe, properties -> {autoReconnect=true, user=******, password=******, autocommit=true, autoReconnectForPools=true, release_mode=auto} ], preferredTestQuery -> select 1 from dual, propertyCycle -> 0, statementCacheNumDeferredCloseThreads -> 0, testConnectionOnCheckin -> false, testConnectionOnCheckout -> false, unreturnedConnectionTimeout -> 0, usesTraditionalReflectiveProxies -> false; userOverrides: {} ], dataSourceName -> null, factoryClassLocation -> null, identityToken -> 1hge2x49bc2jyje12emt1a|5d5571eb, numHelperThreads -> 3 ]
2015-08-14 17:18:49.009 [main] INFO  org.hibernate.dialect.Dialect [POWA_REQUEST_ID:] - HHH000400: Using dialect: org.hibernate.dialect.Oracle10gDialect
2015-08-14 17:18:49.015 [main] INFO  o.h.e.j.internal.LobCreatorBuilder [POWA_REQUEST_ID:] - HHH000424: Disabling contextual LOB creation as createClob() method threw error : java.lang.reflect.InvocationTargetException
2015-08-14 17:18:49.506 [main] WARN  org.hibernate.mapping.RootClass [POWA_REQUEST_ID:] - HHH000038: Composite-id class does not override equals(): com.mpayme.dao.configuration.pk.CountryUnverifedPaymentLimitPK
2015-08-14 17:18:49.506 [main] WARN  org.hibernate.mapping.RootClass [POWA_REQUEST_ID:] - HHH000039: Composite-id class does not override hashCode(): com.mpayme.dao.configuration.pk.CountryUnverifedPaymentLimitPK
2015-08-14 17:18:49.506 [main] WARN  org.hibernate.mapping.RootClass [POWA_REQUEST_ID:] - HHH000038: Composite-id class does not override equals(): com.mpayme.merchant.entity.UserEntityRoleRlatPK
2015-08-14 17:18:49.506 [main] WARN  org.hibernate.mapping.RootClass [POWA_REQUEST_ID:] - HHH000039: Composite-id class does not override hashCode(): com.mpayme.merchant.entity.UserEntityRoleRlatPK
2015-08-14 17:18:49.508 [main] WARN  org.hibernate.mapping.RootClass [POWA_REQUEST_ID:] - HHH000038: Composite-id class does not override equals(): com.mpayme.dao.configuration.DataList
2015-08-14 17:18:49.508 [main] WARN  org.hibernate.mapping.RootClass [POWA_REQUEST_ID:] - HHH000039: Composite-id class does not override hashCode(): com.mpayme.dao.configuration.DataList
2015-08-14 17:18:49.513 [main] INFO  o.hibernate.tuple.PojoInstantiator [POWA_REQUEST_ID:] - HHH000182: No default (no-argument) constructor for class: com.mpayme.core.entity.payment.TransactionAmountPK (class must be instantiated by Interceptor)
2015-08-14 17:18:49.514 [main] WARN  org.hibernate.mapping.RootClass [POWA_REQUEST_ID:] - HHH000038: Composite-id class does not override equals(): com.mpayme.core.entity.pk.UserUnverifedAccountPaymentPK
2015-08-14 17:18:49.514 [main] WARN  org.hibernate.mapping.RootClass [POWA_REQUEST_ID:] - HHH000039: Composite-id class does not override hashCode(): com.mpayme.core.entity.pk.UserUnverifedAccountPaymentPK
2015-08-14 17:18:49.514 [main] INFO  o.hibernate.tuple.PojoInstantiator [POWA_REQUEST_ID:] - HHH000182: No default (no-argument) constructor for class: com.mpayme.dao.configuration.pk.UserAgreementPK (class must be instantiated by Interceptor)
2015-08-14 17:18:49.514 [main] WARN  org.hibernate.mapping.RootClass [POWA_REQUEST_ID:] - HHH000038: Composite-id class does not override equals(): com.mpayme.dao.configuration.pk.UserAgreementPK
2015-08-14 17:18:49.514 [main] WARN  org.hibernate.mapping.RootClass [POWA_REQUEST_ID:] - HHH000039: Composite-id class does not override hashCode(): com.mpayme.dao.configuration.pk.UserAgreementPK
2015-08-14 17:18:49.514 [main] WARN  org.hibernate.mapping.RootClass [POWA_REQUEST_ID:] - HHH000038: Composite-id class does not override equals(): com.mpayme.merchant.entity.MerchantDelegationPK
2015-08-14 17:18:49.514 [main] WARN  org.hibernate.mapping.RootClass [POWA_REQUEST_ID:] - HHH000039: Composite-id class does not override hashCode(): com.mpayme.merchant.entity.MerchantDelegationPK
2015-08-14 17:18:49.516 [main] INFO  o.hibernate.tuple.PojoInstantiator [POWA_REQUEST_ID:] - HHH000182: No default (no-argument) constructor for class: com.mpayme.core.entity.pk.UserRegisterSourcePK (class must be instantiated by Interceptor)
2015-08-14 17:18:49.516 [main] WARN  org.hibernate.mapping.RootClass [POWA_REQUEST_ID:] - HHH000038: Composite-id class does not override equals(): com.mpayme.core.entity.pk.UserRegisterSourcePK
2015-08-14 17:18:49.516 [main] WARN  org.hibernate.mapping.RootClass [POWA_REQUEST_ID:] - HHH000039: Composite-id class does not override hashCode(): com.mpayme.core.entity.pk.UserRegisterSourcePK
2015-08-14 17:18:49.516 [main] WARN  org.hibernate.mapping.RootClass [POWA_REQUEST_ID:] - HHH000038: Composite-id class does not override equals(): com.mpayme.dao.configuration.TaxableProductTypeTree
2015-08-14 17:18:49.516 [main] WARN  org.hibernate.mapping.RootClass [POWA_REQUEST_ID:] - HHH000039: Composite-id class does not override hashCode(): com.mpayme.dao.configuration.TaxableProductTypeTree
2015-08-14 17:18:49.517 [main] INFO  o.hibernate.tuple.PojoInstantiator [POWA_REQUEST_ID:] - HHH000182: No default (no-argument) constructor for class: com.mpayme.core.entity.pk.BinMappingPK (class must be instantiated by Interceptor)
2015-08-14 17:18:49.517 [main] WARN  org.hibernate.mapping.RootClass [POWA_REQUEST_ID:] - HHH000038: Composite-id class does not override equals(): com.mpayme.core.entity.pk.BinMappingPK
2015-08-14 17:18:49.517 [main] WARN  org.hibernate.mapping.RootClass [POWA_REQUEST_ID:] - HHH000039: Composite-id class does not override hashCode(): com.mpayme.core.entity.pk.BinMappingPK
2015-08-14 17:18:49.518 [main] WARN  org.hibernate.mapping.RootClass [POWA_REQUEST_ID:] - HHH000038: Composite-id class does not override equals(): com.mpayme.merchant.entity.MerchantRelationPK
2015-08-14 17:18:49.518 [main] WARN  org.hibernate.mapping.RootClass [POWA_REQUEST_ID:] - HHH000039: Composite-id class does not override hashCode(): com.mpayme.merchant.entity.MerchantRelationPK
2015-08-14 17:18:49.518 [main] WARN  org.hibernate.mapping.RootClass [POWA_REQUEST_ID:] - HHH000038: Composite-id class does not override equals(): com.mpayme.dao.configuration.pk.LocaleSupportPK
2015-08-14 17:18:49.518 [main] WARN  org.hibernate.mapping.RootClass [POWA_REQUEST_ID:] - HHH000039: Composite-id class does not override hashCode(): com.mpayme.dao.configuration.pk.LocaleSupportPK
2015-08-14 17:18:49.518 [main] WARN  org.hibernate.mapping.RootClass [POWA_REQUEST_ID:] - HHH000038: Composite-id class does not override equals(): com.mpayme.dao.configuration.pk.LocaleMappingPK
2015-08-14 17:18:49.518 [main] WARN  org.hibernate.mapping.RootClass [POWA_REQUEST_ID:] - HHH000039: Composite-id class does not override hashCode(): com.mpayme.dao.configuration.pk.LocaleMappingPK
2015-08-14 17:18:49.521 [main] WARN  org.hibernate.mapping.RootClass [POWA_REQUEST_ID:] - HHH000038: Composite-id class does not override equals(): com.mpayme.dao.configuration.StaticData
2015-08-14 17:18:49.521 [main] WARN  org.hibernate.mapping.RootClass [POWA_REQUEST_ID:] - HHH000039: Composite-id class does not override hashCode(): com.mpayme.dao.configuration.StaticData
2015-08-14 17:18:49.524 [main] WARN  org.hibernate.mapping.RootClass [POWA_REQUEST_ID:] - HHH000038: Composite-id class does not override equals(): com.mpayme.productmgt.ProductListViewPK
2015-08-14 17:18:49.524 [main] WARN  org.hibernate.mapping.RootClass [POWA_REQUEST_ID:] - HHH000039: Composite-id class does not override hashCode(): com.mpayme.productmgt.ProductListViewPK
2015-08-14 17:18:49.528 [main] INFO  o.h.e.t.i.TransactionFactoryInitiator [POWA_REQUEST_ID:] - HHH000268: Transaction strategy: org.hibernate.engine.transaction.internal.jdbc.JdbcTransactionFactory
2015-08-14 17:18:49.530 [main] INFO  o.h.h.i.a.ASTQueryTranslatorFactory [POWA_REQUEST_ID:] - HHH000397: Using ASTQueryTranslatorFactory
2015-08-14 17:18:50.292 [main] INFO  o.hibernate.tuple.PojoInstantiator [POWA_REQUEST_ID:] - HHH000182: No default (no-argument) constructor for class: com.mpayme.core.entity.payment.TransactionAmountPK (class must be instantiated by Interceptor)
2015-08-14 17:18:50.295 [main] INFO  o.hibernate.tuple.PojoInstantiator [POWA_REQUEST_ID:] - HHH000182: No default (no-argument) constructor for class: com.mpayme.dao.configuration.pk.UserAgreementPK (class must be instantiated by Interceptor)
2015-08-14 17:18:50.324 [main] INFO  o.hibernate.tuple.PojoInstantiator [POWA_REQUEST_ID:] - HHH000182: No default (no-argument) constructor for class: com.mpayme.core.entity.pk.UserRegisterSourcePK (class must be instantiated by Interceptor)
2015-08-14 17:18:50.334 [main] INFO  o.hibernate.tuple.PojoInstantiator [POWA_REQUEST_ID:] - HHH000182: No default (no-argument) constructor for class: com.mpayme.core.entity.pk.BinMappingPK (class must be instantiated by Interceptor)
2015-08-14 17:18:50.739 [main] WARN  o.h.d.function.TemplateRenderer [POWA_REQUEST_ID:] - HHH000174: Function template anticipated 4 arguments, but 1 arguments encountered
2015-08-14 17:18:50.739 [main] WARN  o.h.d.function.TemplateRenderer [POWA_REQUEST_ID:] - HHH000174: Function template anticipated 4 arguments, but 1 arguments encountered
2015-08-14 17:18:50.956 [main] WARN  o.h.d.function.TemplateRenderer [POWA_REQUEST_ID:] - HHH000174: Function template anticipated 4 arguments, but 1 arguments encountered
2015-08-14 17:18:50.956 [main] WARN  o.h.d.function.TemplateRenderer [POWA_REQUEST_ID:] - HHH000174: Function template anticipated 4 arguments, but 1 arguments encountered
2015-08-14 17:18:51.029 [main] WARN  o.h.d.function.TemplateRenderer [POWA_REQUEST_ID:] - HHH000174: Function template anticipated 4 arguments, but 1 arguments encountered
2015-08-14 17:18:51.030 [main] WARN  o.h.d.function.TemplateRenderer [POWA_REQUEST_ID:] - HHH000174: Function template anticipated 4 arguments, but 1 arguments encountered
2015-08-14 17:18:51.030 [main] WARN  o.h.d.function.TemplateRenderer [POWA_REQUEST_ID:] - HHH000174: Function template anticipated 4 arguments, but 1 arguments encountered
2015-08-14 17:18:51.030 [main] WARN  o.h.d.function.TemplateRenderer [POWA_REQUEST_ID:] - HHH000174: Function template anticipated 4 arguments, but 1 arguments encountered
2015-08-14 17:18:51.043 [main] WARN  o.h.d.function.TemplateRenderer [POWA_REQUEST_ID:] - HHH000174: Function template anticipated 4 arguments, but 1 arguments encountered
2015-08-14 17:18:51.044 [main] WARN  o.h.d.function.TemplateRenderer [POWA_REQUEST_ID:] - HHH000174: Function template anticipated 4 arguments, but 1 arguments encountered
2015-08-14 17:18:51.166 [main] INFO  o.hibernate.tuple.PojoInstantiator [POWA_REQUEST_ID:] - HHH000182: No default (no-argument) constructor for class: com.mpayme.core.entity.payment.TransactionAmountPK (class must be instantiated by Interceptor)
2015-08-14 17:18:51.166 [main] INFO  o.hibernate.tuple.PojoInstantiator [POWA_REQUEST_ID:] - HHH000182: No default (no-argument) constructor for class: com.mpayme.core.entity.payment.TransactionAmountPK (class must be instantiated by Interceptor)
2015-08-14 17:18:51.167 [main] INFO  o.hibernate.tuple.PojoInstantiator [POWA_REQUEST_ID:] - HHH000182: No default (no-argument) constructor for class: com.mpayme.dao.configuration.pk.UserAgreementPK (class must be instantiated by Interceptor)
2015-08-14 17:18:51.167 [main] INFO  o.hibernate.tuple.PojoInstantiator [POWA_REQUEST_ID:] - HHH000182: No default (no-argument) constructor for class: com.mpayme.dao.configuration.pk.UserAgreementPK (class must be instantiated by Interceptor)
2015-08-14 17:18:51.171 [main] INFO  o.hibernate.tuple.PojoInstantiator [POWA_REQUEST_ID:] - HHH000182: No default (no-argument) constructor for class: com.mpayme.core.entity.pk.UserRegisterSourcePK (class must be instantiated by Interceptor)
2015-08-14 17:18:51.171 [main] INFO  o.hibernate.tuple.PojoInstantiator [POWA_REQUEST_ID:] - HHH000182: No default (no-argument) constructor for class: com.mpayme.core.entity.pk.UserRegisterSourcePK (class must be instantiated by Interceptor)
2015-08-14 17:18:51.172 [main] INFO  o.hibernate.tuple.PojoInstantiator [POWA_REQUEST_ID:] - HHH000182: No default (no-argument) constructor for class: com.mpayme.core.entity.pk.BinMappingPK (class must be instantiated by Interceptor)
2015-08-14 17:18:51.173 [main] INFO  o.hibernate.tuple.PojoInstantiator [POWA_REQUEST_ID:] - HHH000182: No default (no-argument) constructor for class: com.mpayme.core.entity.pk.BinMappingPK (class must be instantiated by Interceptor)
2015-08-14 17:18:51.825 [main] INFO  i.d.jersey.DropwizardResourceConfig [POWA_REQUEST_ID:] - The following paths were found for the configured resources:

    GET     /powatag/v1/workflow/tags/details/labels/{label}/previews (com.powatag.api.workflow.resource.tagdetails.TagDetailsWorkflowResourceImpl)
    GET     /powatag/v1/workflow/orders/{orderReference}/transactions/{transactionReference} (com.powatag.api.workflow.resource.order.OrderTransactionWorkflowResourceImpl)
    POST    /powatag/v1/workflow/orders (com.powatag.api.workflow.resource.order.OrderWorkflowResourceImpl$$EnhancerByGuice$$73fc0c27)
    POST    /powatag/v1/workflow/orders/{orderReference}/payable (com.powatag.api.workflow.resource.order.OrderWorkflowResourceImpl$$EnhancerByGuice$$73fc0c27)
    DELETE  /powatag/v1/workflow/baskets/{tagId} (com.powatag.api.workflow.resource.basket.BasketWorkflowResourceImpl$$EnhancerByGuice$$47e5ff1a)
    GET     /powatag/v1/workflow/baskets/ (com.powatag.api.workflow.resource.basket.BasketWorkflowResourceImpl$$EnhancerByGuice$$47e5ff1a)
    GET     /powatag/v1/workflow/baskets/count (com.powatag.api.workflow.resource.basket.BasketWorkflowResourceImpl$$EnhancerByGuice$$47e5ff1a)
    GET     /powatag/v1/workflow/baskets/productInfo (com.powatag.api.workflow.resource.basket.BasketWorkflowResourceImpl$$EnhancerByGuice$$47e5ff1a)
    GET     /powatag/v1/workflow/baskets/{tagId} (com.powatag.api.workflow.resource.basket.BasketWorkflowResourceImpl$$EnhancerByGuice$$47e5ff1a)
    GET     /powatag/v1/workflow/baskets/{tagId}/count (com.powatag.api.workflow.resource.basket.BasketWorkflowResourceImpl$$EnhancerByGuice$$47e5ff1a)
    POST    /powatag/v1/workflow/baskets/ (com.powatag.api.workflow.resource.basket.BasketWorkflowResourceImpl$$EnhancerByGuice$$47e5ff1a)
    POST    /powatag/v1/workflow/security (com.powatag.api.workflow.resource.security.SecurityWorkflowResourceImpl$$EnhancerByGuice$$2648044d)
    GET     /powatag/v1/workflow/payments/consumers/{consumerId} (com.powatag.api.workflow.resource.payment.PaymentWorkflowResourceImpl$$EnhancerByGuice$$518a3976)
    POST    /powatag/v1/workflow/payments/ (com.powatag.api.workflow.resource.payment.PaymentWorkflowResourceImpl$$EnhancerByGuice$$518a3976)
    POST    /powatag/v1/workflow/payments/external/{externalTransactionReference} (com.powatag.api.workflow.resource.payment.PaymentWorkflowResourceImpl$$EnhancerByGuice$$518a3976)
    POST    /powatag/v1/workflow/payments/{consumerId}/checkout/{tagId} (com.powatag.api.workflow.resource.payment.PaymentWorkflowResourceImpl$$EnhancerByGuice$$518a3976)
    POST    /powatag/v1/workflow/orders/{orderReference}/discounts/{discountId}/coupons/valid (com.powatag.api.workflow.resource.order.OrderDiscountWorkflowResourceImpl$$EnhancerByGuice$$5caaac4d)
    POST    /powatag/v1/workflow/orders/{orderReference}/products/{productId}/discounts/{discountId}/coupons/valid (com.powatag.api.workflow.resource.order.OrderProductWorkflowResourceImpl$$EnhancerByGuice$$60d0dd41)
    DELETE  /powatag/v1/workflow/consumers/{userId}/devices/{deviceId}/unpair (com.powatag.api.workflow.resource.consumer.ConsumerWorkflowResourceImpl$$EnhancerByGuice$$e9e3e0c)
    GET     /powatag/v1/workflow/consumers (com.powatag.api.workflow.resource.consumer.ConsumerWorkflowResourceImpl$$EnhancerByGuice$$e9e3e0c)
    GET     /powatag/v1/workflow/consumers/{userId} (com.powatag.api.workflow.resource.consumer.ConsumerWorkflowResourceImpl$$EnhancerByGuice$$e9e3e0c)
    POST    /powatag/v1/workflow/consumers (com.powatag.api.workflow.resource.consumer.ConsumerWorkflowResourceImpl$$EnhancerByGuice$$e9e3e0c)

2015-08-14 17:18:51.830 [main] INFO  o.e.j.server.handler.ContextHandler [POWA_REQUEST_ID:] - Started i.d.j.MutableServletContextHandler@-365e9a33{/,null,AVAILABLE}
2015-08-14 17:18:51.834 [main] INFO  i.dropwizard.setup.AdminEnvironment [POWA_REQUEST_ID:] - tasks = 

    POST    /tasks/log-level (io.dropwizard.servlets.tasks.LogConfigurationTask)
    POST    /tasks/gc (io.dropwizard.servlets.tasks.GarbageCollectionTask)
    POST    /tasks/flushcache (com.powatag.api.workflow.task.OrderCacheTask)

2015-08-14 17:18:51.837 [main] INFO  o.e.j.server.handler.ContextHandler [POWA_REQUEST_ID:] - Started i.d.j.MutableServletContextHandler@57f8cdc3{/,null,AVAILABLE}
2015-08-14 17:18:52.340 [main] INFO  o.e.jetty.server.ServerConnector [POWA_REQUEST_ID:] - Started application@b848ca0c{HTTP/1.1}{0.0.0.0:20251}
2015-08-14 17:18:52.913 [main] INFO  o.e.jetty.server.ServerConnector [POWA_REQUEST_ID:] - Started admin@d18af508{HTTP/1.1}{0.0.0.0:20250}
2015-08-14 17:18:52.913 [main] INFO  org.eclipse.jetty.server.Server [POWA_REQUEST_ID:] - Started @74587ms
2015-08-14 17:20:47.634 [dw-28 - GET /powatag/v1/workflow/consumers?email=*test*] INFO  c.p.a.workflow.WorkflowApplication [POWA_REQUEST_ID:Z16308379041292799925-Z-000-000001] - 1 * Server has received a request on thread dw-28 - GET /powatag/v1/workflow/consumers?email=*test*
1 > GET http://localhost:20251/powatag/v1/workflow/consumers?email=*test*
1 > Accept: application/json
1 > Accept-Encoding: gzip, deflate, sdch
1 > Accept-Language: en-US,en;q=0.8,ja;q=0.6
1 > Authorization: Bearer good-guy
1 > Connection: keep-alive
1 > Cookie: ice.push.browser=1hkatwo17; __lc.visitor_id.2558511=S1376382475.d325797026; ice.connection.contextpath=.; ice.connection.lease=1380099711303; ice.notified.pushids=1hkatwo17%3A-1yu4; ice.pushids=1hkatwo17%3A-1yu5%201hkatwo17%3A-1yu4%201hkatwo17%3A-1yu3; lc_window_state=minimized; oam.Flash.RENDERMAP.TOKEN=gu7acnv6h; gdnC_2132_auth=e080BNMgRbLkzW5VzESeBSbJjLQZ62gpA60Qe3iSTHuktoIoL3%2BIrx93CT9M0%2FWmosQqxnF5fmYh3DatKkjX; gdnC_2132_lastcheckfeed=1%7C1412407889; gdnC_2132_nofavfid=1; gdnC_2132_ulastactivity=a402rElGVajd4vNEH8kCgBgEhvZTmspOG3SiJV0zv4xtvZjkQ6mk; gdnC_2132_st_t=1%7C1412741419%7C81ca20a217e36cdb3a670750951b8b87; gdnC_2132_st_p=1%7C1412741421%7C76145a8d6beba3045da0e98f6030367b; gdnC_2132_viewid=tid_1; gdnC_2132_smile=1D1; gdnC_2132_seccode=9.09aeea740c15145f35; gdnC_2132_home_diymode=1; gdnC_2132_lip=%3A%3A1%2C1412741495; TJE=; LtpaToken2=NXXWvV1HeKCe3MJjLC+dFqQ7jdMn1Q6zjWF9bok6u9+cB0wOsq7+Z048JO+JPcttCc9y4aejLPts3EKBgZ2qY3Gp6SWHg9Gteim34/WEupmZI9h4shgyH8/6dMsbOeU5/g/HLW3PupAVTLYThf+MWhflHdMcBjn589jU2K5B2IQvEJPD1eBWe9zvoa+Qwef5p++iu6iRLZIJtU3wUkZp4ErnswCmj9LXDwkagAMpACvjCD40bbz07kwGqeY/Cr1RDa6Bayay89vIxM4Zyl5KGvdtYyUCJuUttJ0/TV6cjEcxNAYOGkdBcE3H1QRrTERI/JYdnXNWD8BVhYBPP8uA69+dFsi1HW/4H39VQTDUdqN+5pkefYcw6qJZM8OXkPSR0+PVaAEYh1JApSTjqHNwX+J1/n5S8VDJh146f8adWnebHAO2NKEHkYzl1AtMPbfeQAvmSZu+yIROyL99iyTPZfL3Lli0JbjYmz2HR4oQ2zofNTWwyDLT4RTdIi9+uz2JZJcicYWaXLQVTS7jl6diIEAz1Xr8mZ1fLszW2bON0JeESox5fwP3yfmgWWL9dmh8k1UBAV92u7w5xR7FA6dpJEuOucm701qWScvpJ2ze06yKORgAtrrRvcNpQxv93KjTN0XVljMp6m/8h2wpKSoCD6/9VztPCaNUFXXon9cHubE=; sessionCode=3506402; TE3=N0:C N1:C N2:C N3:E N4:E N5:C N6:C N7:C N8:C N9:C N10:C N11:C N12:C N13:C N14:C N15:C N16:C N17:C N18:C N19:C N20:C N21:C N22:C N23:C N24:C N25:C N26:C N27:C N28:C N29:C N30:C N31:C N32:C; JSESSIONID=0000T7hjC9p6AlASLFDg__MgRJs:-1
1 > CSP: active
1 > Host: localhost:20251
1 > User-Agent: Mozilla/5.0 (Windows NT 6.1; WOW64) AppleWebKit/537.36 (KHTML, like Gecko) Chrome/43.0.2357.134 Safari/537.36

2015-08-14 17:20:47.644 [dw-28 - GET /powatag/v1/workflow/consumers?email=*test*] INFO  c.p.a.w.i.WorkflowInterceptor [POWA_REQUEST_ID:Z16308379041292799925-Z-000-000001] - WorkflowInterceptor.invoke() Successfully triggered interceptor.
2015-08-14 17:20:47.645 [dw-28 - GET /powatag/v1/workflow/consumers?email=*test*] DEBUG c.p.a.w.basic.WorkflowFactory [POWA_REQUEST_ID:Z16308379041292799925-Z-000-000001] - flow ID GET_CONSUMERS
2015-08-14 17:20:47.646 [dw-28 - GET /powatag/v1/workflow/consumers?email=*test*] DEBUG c.p.a.workflow.basic.BasicWorkflow [POWA_REQUEST_ID:Z16308379041292799925-Z-000-000001] - prepare workflow context...
2015-08-14 17:20:47.646 [dw-28 - GET /powatag/v1/workflow/consumers?email=*test*] DEBUG c.p.a.workflow.basic.BasicWorkflow [POWA_REQUEST_ID:Z16308379041292799925-Z-000-000001] - flow validation...
2015-08-14 17:20:47.646 [dw-28 - GET /powatag/v1/workflow/consumers?email=*test*] DEBUG c.p.a.workflow.basic.BasicWorkflow [POWA_REQUEST_ID:Z16308379041292799925-Z-000-000001] - flow execution...
2015-08-14 17:20:47.999 [dw-28 - GET /powatag/v1/workflow/consumers?email=*test*] INFO  c.p.a.workflow.WorkflowApplication [POWA_REQUEST_ID:Z16308379041292799925-Z-000-000001] - 2 * Server responded with a response on thread dw-28 - GET /powatag/v1/workflow/consumers?email=*test*
2 < 200
2 < Content-Type: application/json
{"consumers":[{"userId":"562009","status":"A","emailAddr":"mike@test.com","locale":"en_GB","marketingOptIn":"Y","type":"B","phoneNumber":{"phoneId":339004,"userId":"562009","phoneCountryCode":"HK","phoneAreaCode":"852","phoneNumber":"90807767","verificationStatus":"Y"},"addressId":346012,"addresses":[{"addressID":346012,"countryCode":"HK","alias":"Mile","addressLine":"Al 1\nAl 2","city":"Hong Kong","cityName":"Hong Kong","state":"Mong kok","stateName":"Mong kok","postalCode":"999077","isDefaultAddress":false,"geoLocation":{"longitude":"114.16977","latitude":"22.320364","accuracy":"null","type":"AP","country":"Hong Kong","adminAreaLevel1":"Kowloon","adminAreaLevel2":"Yau Tsim Mong District"}}],"lastName":"Woodruff","firstName":"Mike","gender":"M","dateOfBirth":"1989-02-17","loginSourceApp":"CZP","registerSourceApp":"CZP","hasPaired":true,"defaultCurrencyCode":"HKD","registrationDate":"2015-02-17T02:59:23.000Z","countryOfResidence":"HK","defaultAccountID":1031506},{"userId":"564510","status":"A","emailAddr":"masutest1@gmail.com","locale":"en_GB","marketingOptIn":"Y","type":"B","phoneNumber":{"phoneId":341004,"userId":"564510","phoneCountryCode":"US","phoneAreaCode":"1","phoneNumber":"2025552222","verificationStatus":"Y"},"addressId":348517,"addresses":[{"addressID":348517,"countryCode":"US","alias":"Usa basic","addressLine":"Usa\n","city":"Ny","cityName":"Ny","state":"US-AZ","stateName":"Arizona","postalCode":"66686","isDefaultAddress":false,"geoLocation":{"longitude":"-73.95712","latitude":"40.618977","accuracy":"null","type":"AP","postalCode":"11230","country":"United States","adminAreaLevel1":"New York","adminAreaLevel2":"Kings County"}}],"lastName":"Test","firstName":"Masu","gender":"M","dateOfBirth":"1985-02-18","loginSourceApp":"CZP","registerSourceApp":"CZP","hasPaired":true,"defaultCurrencyCode":"USD","registrationDate":"2015-02-18T12:08:07.000Z","countryOfResidence":"US","defaultAccountID":1034022},{"userId":"565508","status":"A","emailAddr":"test@ail.com","locale":"en_GB","marketingOptIn":"Y","type":"B","phoneNumber":{"phoneId":342004,"userId":"565508","phoneCountryCode":"US","phoneAreaCode":"1","phoneNumber":"5414445555","verificationStatus":"Y"},"addressId":350013,"addresses":[{"addressID":350013,"countryCode":"US","alias":"Qa","addressLine":"Erre\nWwwer","city":"Qaa","cityName":"Qaa","state":"US-AL","stateName":"Alabama","postalCode":"11233","isDefaultAddress":false,"geoLocation":{"longitude":"-73.92129","latitude":"40.679592","accuracy":"null","type":"AP","postalCode":"11233","country":"United States","adminAreaLevel1":"New York","adminAreaLevel2":"Kings County"}}],"lastName":"Test","firstName":"Test","gender":"M","dateOfBirth":"1984-02-24","loginSourceApp":"CZP","registerSourceApp":"CZP","hasPaired":true,"defaultCurrencyCode":"USD","registrationDate":"2015-02-23T14:41:36.000Z","countryOfResidence":"US","defaultAccountID":1035006},{"userId":"610516","status":"A","emailAddr":"masutest1+chn@gmail.com","locale":"it_IT","type":"B","addressId":383014,"addresses":[{"addressID":383014,"countryCode":"DZ","addressLine":"Xbvg\nCvv","city":"Cgg","cityName":"Cgg","state":"Cggg","stateName":"Cggg","postalCode":"Cbhg","isDefaultAddress":false}],"lastName":"Fhh","firstName":"Dhh","loginSourceApp":"CZP","registerSourceApp":"CZP","hasPaired":true,"defaultCurrencyCode":"HKD","registrationDate":"2015-06-12T00:00:00.000Z","countryOfResidence":"HK"},{"userId":"613514","status":"A","emailAddr":"masutest1+fr1@gmail.com","locale":"fr_FR","type":"B","addresses":[],"loginSourceApp":"CZP","registerSourceApp":"CZP","hasPaired":true,"defaultCurrencyCode":"EUR","registrationDate":"2015-06-18T12:56:50.000Z","countryOfResidence":"FR"},{"userId":"610514","status":"A","emailAddr":"masutest1+en@gmail.com","locale":"zh_HK","type":"B","addresses":[],"loginSourceApp":"CZP","registerSourceApp":"CZP","hasPaired":true,"defaultCurrencyCode":"GBP","registrationDate":"2015-06-12T00:00:00.000Z","countryOfResidence":"GB"},{"userId":"610515","status":"A","emailAddr":"masutest1+ch@gmail.com","locale":"zh_HK","type":"B","addresses":[],"loginSourceApp":"CZP","registerSourceApp":"CZP","hasPaired":true,"defaultCurrencyCode":"HKD","registrationDate":"2015-06-12T00:00:00.000Z","countryOfResidence":"HK"},{"userId":"625515","status":"A","emailAddr":"mike@test123.com","locale":"en_US","type":"B","addresses":[],"loginSourceApp":"CZP","registerSourceApp":"CZP","hasPaired":true,"defaultCurrencyCode":"XXX","registrationDate":"2015-07-02T03:21:45.000Z"},{"userId":"617514","status":"A","emailAddr":"masutest1+zhn@gmail.com","locale":"en_HK","type":"B","addressId":389520,"addresses":[{"addressID":389520,"countryCode":"AL","addressLine":" Nbb\n","city":"Bbbbb","cityName":"Bbbbb","state":"Vjbb","stateName":"Vjbb","postalCode":"Vbv B","isDefaultAddress":false}],"lastName":"Vh","firstName":"Jb","loginSourceApp":"CZP","registerSourceApp":"CZP","hasPaired":true,"defaultCurrencyCode":"TWD","registrationDate":"2015-06-23T13:57:00.000Z","countryOfResidence":"TW","defaultAccountID":1068511},{"userId":"610517","status":"A","emailAddr":"masutest1+26@gmail.com","locale":"zh_HK","type":"B","addressId":383016,"addresses":[{"addressID":383016,"countryCode":"BT","addressLine":"111111\n11111","city":"11111","cityName":"11111","state":"1111","stateName":"1111","postalCode":"1111","isDefaultAddress":false,"geoLocation":{"longitude":"24.931091","latitude":"59.399426","accuracy":"null","type":"RC","postalCode":"75303","country":"Estonia","adminAreaLevel1":"Harju maakond","adminAreaLevel2":"Rae Parish"}}],"lastName":"Fvv","firstName":"Fvhg","loginSourceApp":"CZP","registerSourceApp":"CZP","hasPaired":true,"defaultCurrencyCode":"EUR","registrationDate":"2015-06-12T00:00:00.000Z","countryOfResidence":"IT","defaultAccountID":1063511},{"userId":"631519","status":"A","emailAddr":"mikeaddress@test.com","locale":"en_US","type":"B","addresses":[],"lastName":"Eheheheu","firstName":"Eheheheh","loginSourceApp":"CZP","registerSourceApp":"CZP","hasPaired":true,"defaultCurrencyCode":"GBP","registrationDate":"2015-07-07T08:12:46.000Z","countryOfResidence":"GB"},{"userId":"630518","status":"A","emailAddr":"miketest1@powa.com","locale":"en_HK","type":"B","addresses":[],"loginSourceApp":"CZP","registerSourceApp":"CZP","hasPaired":true,"registrationDate":"2015-07-06T04:01:06.000Z"},{"userId":"612021","status":"A","emailAddr":"masutest1+en13@gmail.com","locale":"en_US","type":"B","addresses":[],"loginSourceApp":"CZP","registerSourceApp":"CZP","hasPaired":true,"defaultCurrencyCode":"USD","registrationDate":"2015-06-17T12:48:23.000Z","countryOfResidence":"US"},{"userId":"614521","status":"A","emailAddr":"masutest1+es1111@gmail.com","locale":"es_ES","type":"B","addresses":[],"loginSourceApp":"CZP","registerSourceApp":"CZP","hasPaired":true,"defaultCurrencyCode":"EUR","registrationDate":"2015-06-22T08:32:27.000Z","countryOfResidence":"ES"},{"userId":"617513","status":"A","emailAddr":"masutest1+chin@gmail.com","locale":"zh_TW","type":"B","addressId":389519,"addresses":[{"addressID":389519,"countryCode":"GS","alias":"????","addressLine":"Ghgvb\nFhhh","city":"Fbvh","cityName":"Fbvh","state":"Ghvb","stateName":"Ghvb","postalCode":"Gjbnbh","isDefaultAddress":false}],"lastName":"Hxgzgddy","firstName":"Jcjdhxh Nxhx","loginSourceApp":"CZP","registerSourceApp":"CZP","hasPaired":true,"defaultCurrencyCode":"HKD","registrationDate":"2015-06-23T12:34:45.000Z","countryOfResidence":"HK","defaultAccountID":1068510},{"userId":"650014","status":"P","emailAddr":"testing.hayden+--1@googlegroups.com","locale":"en_US","marketingOptIn":"Y","type":"B","addresses":[],"lastName":"Esteban","firstName":"Clifton","gender":"M","dateOfBirth":"2003-01-25","registerSourceApp":"CZP","hasPaired":false,"defaultCurrencyCode":"HKD","registrationDate":"2015-07-23T02:31:50.000Z","countryOfResidence":"HK"},{"userId":"649026","status":"A","emailAddr":"hayden.testing+003@googlegroups.com","locale":"en_US","type":"B","phoneNumber":{"phoneId":398510,"userId":"649026","phoneCountryCode":"HK","phoneAreaCode":"852","phoneNumber":"22650096","alias":"Mobile","verificationStatus":"Y"},"addressId":414021,"addresses":[{"addressID":414021,"countryCode":"HK","alias":"MPayMe Limite...more...

